<?xml version="1.0" encoding="UTF-8"?>
<!-- Generated by org.testng.reporters.JUnitReportReporter -->
<testsuite skipped="0" hostname="rajesh-PC" name="ApplicationTestCases.primusbanklogintestcase" tests="1" failures="0" timestamp="24 May 2018 22:07:26 GMT" time="35.467" errors="0">
  <testcase name="login" time="35.467" classname="ApplicationTestCases.primusbanklogintestcase"/>
</testsuite> <!-- ApplicationTestCases.primusbanklogintestcase -->
